#
# There is insufficient memory for the Java Runtime Environment to continue.
# Native memory allocation (mmap) failed to map 134217728 bytes for G1 virtual space
# Possible reasons:
#   The system is out of physical RAM or swap space
#   The process is running with CompressedOops enabled, and the Java Heap may be blocking the growth of the native heap
# Possible solutions:
#   Reduce memory load on the system
#   Increase physical memory or swap space
#   Check if swap backing store is full
#   Decrease Java heap size (-Xmx/-Xms)
#   Decrease number of Java threads
#   Decrease Java thread stack sizes (-Xss)
#   Set larger code cache with -XX:ReservedCodeCacheSize=
#   JVM is running with Unscaled Compressed Oops mode in which the Java heap is
#     placed in the first 4GB address space. The Java Heap base address is the
#     maximum limit for the native heap growth. Please use -XX:HeapBaseMinAddress
#     to set the Java Heap base and to place the Java Heap above 4GB virtual address.
# This output file may be truncated or incomplete.
#
#  Out of Memory Error (os_windows.cpp:3550), pid=12472, tid=17620
#
# JRE version:  (17.0.8+9) (build )
# Java VM: Java HotSpot(TM) 64-Bit Server VM (17.0.8+9-LTS-211, mixed mode, sharing, tiered, compressed oops, compressed class ptrs, g1 gc, windows-amd64)
# No core dump will be written. Minidumps are not enabled by default on client versions of Windows
#

---------------  S U M M A R Y ------------

Command Line: -ea -Didea.test.cyclic.buffer.size=1048576 -javaagent:C:\Program Files\JetBrains\IntelliJ IDEA Community Edition 2023.2.2\lib\idea_rt.jar=52520:C:\Program Files\JetBrains\IntelliJ IDEA Community Edition 2023.2.2\bin -Dfile.encoding=UTF-8 com.intellij.rt.junit.JUnitStarter -ideVersion5 -junit4 Electronics.ElectronicsTest,verifyUserShouldNavigateToCellPhonesPageSuccessfully

Host: Intel(R) Core(TM) i5-3230M CPU @ 2.60GHz, 4 cores, 7G,  Windows 10 , 64 bit Build 19041 (10.0.19041.3636)
Time: Tue Nov 28 14:47:54 2023 GMT Standard Time elapsed time: 0.024879 seconds (0d 0h 0m 0s)

---------------  T H R E A D  ---------------

Current thread (0x0000023583a9e4c0):  JavaThread "Unknown thread" [_thread_in_vm, id=17620, stack(0x000000451e100000,0x000000451e200000)]

Stack: [0x000000451e100000,0x000000451e200000]
Native frames: (J=compiled Java code, j=interpreted, Vv=VM code, C=native code)
V  [jvm.dll+0x677d0a]
V  [jvm.dll+0x7d8c54]
V  [jvm.dll+0x7da3fe]
V  [jvm.dll+0x7daa63]
V  [jvm.dll+0x245c5f]
V  [jvm.dll+0x674bb9]
V  [jvm.dll+0x6694f2]
V  [jvm.dll+0x3031d6]
V  [jvm.dll+0x30a756]
V  [jvm.dll+0x359f9e]
V  [jvm.dll+0x35a1cf]
V  [jvm.dll+0x2da3e8]
V  [jvm.dll+0x2db354]
V  [jvm.dll+0x7aa711]
V  [jvm.dll+0x367b51]
V  [jvm.dll+0x789979]
V  [jvm.dll+0x3eb05f]
V  [jvm.dll+0x3ecae1]
C  [jli.dll+0x5297]
C  [ucrtbase.dll+0x21bb2]
C  [KERNEL32.DLL+0x17344]
C  [ntdll.dll+0x526b1]


---------------  P R O C E S S  ---------------

Threads class SMR info:
_java_thread_list=0x00007fff6d0659d8, length=0, elements={
}

Java Threads: ( => current thread )

Other Threads:
  0x0000023583af80e0 GCTaskThread "GC Thread#0" [stack: 0x000000451e200000,0x000000451e300000] [id=22028]
  0x0000023583b09b80 ConcurrentGCThread "G1 Main Marker" [stack: 0x000000451e300000,0x000000451e400000] [id=22292]
  0x0000023583b0ac40 ConcurrentGCThread "G1 Conc#0" [stack: 0x000000451e400000,0x000000451e500000] [id=15056]

[error occurred during error reporting (printing all threads), id 0xc0000005, EXCEPTION_ACCESS_VIOLATION (0xc0000005) at pc=0x00007fff6c89b047]

VM state: not at safepoint (not fully initialized)

VM Mutex/Monitor currently owned by a thread:  ([mutex/lock_event])
[0x0000023583a99db0] Heap_lock - owner thread: 0x0000023583a9e4c0

Heap address: 0x0000000081e00000, size: 2018 MB, Compressed Oops mode: 32-bit

CDS archive(s) mapped at: [0x0000000000000000-0x0000000000000000-0x0000000000000000), size 0, SharedBaseAddress: 0x0000000800000000, ArchiveRelocationMode: 1.
Narrow klass base: 0x0000000000000000, Narrow klass shift: 0, Narrow klass range: 0x0

GC Precious Log:
<Empty>

Heap:
 garbage-first heap   total 0K, used 0K [0x0000000081e00000, 0x0000000100000000)
  region size 1024K, 0 young (0K), 0 survivors (0K)

[error occurred during error reporting (printing heap information), id 0xc0000005, EXCEPTION_ACCESS_VIOLATION (0xc0000005) at pc=0x00007fff6cc81499]

GC Heap History (0 events):
No events

Deoptimization events (0 events):
No events

Classes unloaded (0 events):
No events

Classes redefined (0 events):
No events

Internal exceptions (0 events):
No events

VM Operations (0 events):
No events

Events (1 events):
Event: 0.015 Loaded shared library C:\Program Files\Java\jdk-17\bin\java.dll


Dynamic libraries:
0x00007ff74e4c0000 - 0x00007ff74e4d0000 	C:\Program Files\Java\jdk-17\bin\java.exe
0x00007fffe1b50000 - 0x00007fffe1d48000 	C:\Windows\SYSTEM32\ntdll.dll
0x00007fffe13e0000 - 0x00007fffe149d000 	C:\Windows\System32\KERNEL32.DLL
0x00007fffdf510000 - 0x00007fffdf806000 	C:\Windows\System32\KERNELBASE.dll
0x00007fffdfa80000 - 0x00007fffdfb80000 	C:\Windows\System32\ucrtbase.dll
0x00007fffd8870000 - 0x00007fffd8889000 	C:\Program Files\Java\jdk-17\bin\jli.dll
0x00007fffda290000 - 0x00007fffda2ab000 	C:\Program Files\Java\jdk-17\bin\VCRUNTIME140.dll
0x00007fffdfc60000 - 0x00007fffdfd0f000 	C:\Windows\System32\ADVAPI32.dll
0x00007fffe18f0000 - 0x00007fffe198e000 	C:\Windows\System32\msvcrt.dll
0x00007fffe0460000 - 0x00007fffe04fc000 	C:\Windows\System32\sechost.dll
0x00007fffe0fd0000 - 0x00007fffe10f6000 	C:\Windows\System32\RPCRT4.dll
0x00007fffe0b70000 - 0x00007fffe0d0e000 	C:\Windows\System32\USER32.dll
0x00007fffdf230000 - 0x00007fffdf252000 	C:\Windows\System32\win32u.dll
0x00007fffe1120000 - 0x00007fffe114c000 	C:\Windows\System32\GDI32.dll
0x00007fffdf810000 - 0x00007fffdf92a000 	C:\Windows\System32\gdi32full.dll
0x00007fffd0050000 - 0x00007fffd02ea000 	C:\Windows\WinSxS\amd64_microsoft.windows.common-controls_6595b64144ccf1df_6.0.19041.3636_none_60b6a03d71f818d5\COMCTL32.dll
0x00007fffdf260000 - 0x00007fffdf2fd000 	C:\Windows\System32\msvcp_win.dll
0x00007fffd1c10000 - 0x00007fffd1c1a000 	C:\Windows\SYSTEM32\VERSION.dll
0x00007fffe0b40000 - 0x00007fffe0b70000 	C:\Windows\System32\IMM32.DLL
0x00007fffdb0e0000 - 0x00007fffdb0ec000 	C:\Program Files\Java\jdk-17\bin\vcruntime140_1.dll
0x00007fffcb370000 - 0x00007fffcb3fe000 	C:\Program Files\Java\jdk-17\bin\msvcp140.dll
0x00007fff6c5b0000 - 0x00007fff6d18e000 	C:\Program Files\Java\jdk-17\bin\server\jvm.dll
0x00007fffe0b20000 - 0x00007fffe0b28000 	C:\Windows\System32\PSAPI.DLL
0x00007fffdb130000 - 0x00007fffdb139000 	C:\Windows\SYSTEM32\WSOCK32.dll
0x00007fffe0630000 - 0x00007fffe069b000 	C:\Windows\System32\WS2_32.dll
0x00007fffcd8c0000 - 0x00007fffcd8e7000 	C:\Windows\SYSTEM32\WINMM.dll
0x00007fffdd0f0000 - 0x00007fffdd102000 	C:\Windows\SYSTEM32\kernel.appcore.dll
0x00007fffdb0c0000 - 0x00007fffdb0ca000 	C:\Program Files\Java\jdk-17\bin\jimage.dll
0x00007fffcc5d0000 - 0x00007fffcc7b4000 	C:\Windows\SYSTEM32\DBGHELP.DLL
0x00007fffcc4a0000 - 0x00007fffcc4d4000 	C:\Windows\SYSTEM32\dbgcore.DLL
0x00007fffdf9f0000 - 0x00007fffdfa72000 	C:\Windows\System32\bcryptPrimitives.dll
0x00007fffdb020000 - 0x00007fffdb02e000 	C:\Program Files\Java\jdk-17\bin\instrument.dll
0x00007fffd87b0000 - 0x00007fffd87d5000 	C:\Program Files\Java\jdk-17\bin\java.dll

dbghelp: loaded successfully - version: 4.0.5 - missing functions: none
symbol engine: initialized successfully - sym options: 0x614 - pdb path: .;C:\Program Files\Java\jdk-17\bin;C:\Windows\SYSTEM32;C:\Windows\WinSxS\amd64_microsoft.windows.common-controls_6595b64144ccf1df_6.0.19041.3636_none_60b6a03d71f818d5;C:\Program Files\Java\jdk-17\bin\server

VM Arguments:
jvm_args: -ea -Didea.test.cyclic.buffer.size=1048576 -javaagent:C:\Program Files\JetBrains\IntelliJ IDEA Community Edition 2023.2.2\lib\idea_rt.jar=52520:C:\Program Files\JetBrains\IntelliJ IDEA Community Edition 2023.2.2\bin -Dfile.encoding=UTF-8 
java_command: com.intellij.rt.junit.JUnitStarter -ideVersion5 -junit4 Electronics.ElectronicsTest,verifyUserShouldNavigateToCellPhonesPageSuccessfully
java_class_path (initial): C:\Program Files\JetBrains\IntelliJ IDEA Community Edition 2023.2.2\lib\idea_rt.jar;C:\Program Files\JetBrains\IntelliJ IDEA Community Edition 2023.2.2\plugins\junit\lib\junit5-rt.jar;C:\Program Files\JetBrains\IntelliJ IDEA Community Edition 2023.2.2\plugins\junit\lib\junit-rt.jar;C:\Users\Vishal\IdeaProjects\com-nopcommerce-sw-3\out\production\com-nopcommerce-sw-3;C:\Users\Vishal\IdeaProjects\com-nopcommerce-sw-3\jars\hamcrest-core-1.3.jar;C:\Users\Vishal\IdeaProjects\com-nopcommerce-sw-3\jars\junit-4.13.2.jar;C:\Users\Vishal\IdeaProjects\com-nopcommerce-sw-3\jars\selenium-server-4.15.0.jar
Launcher Type: SUN_STANDARD

[Global flags]
     intx CICompilerCount                          = 3                                         {product} {ergonomic}
     uint ConcGCThreads                            = 1                                         {product} {ergonomic}
     uint G1ConcRefinementThreads                  = 4                                         {product} {ergonomic}
   size_t G1HeapRegionSize                         = 1048576                                   {product} {ergonomic}
    uintx GCDrainStackTargetSize                   = 64                                        {product} {ergonomic}
   size_t InitialHeapSize                          = 134217728                                 {product} {ergonomic}
   size_t MarkStackSize                            = 4194304                                   {product} {ergonomic}
   size_t MaxHeapSize                              = 2116026368                                {product} {ergonomic}
   size_t MinHeapDeltaBytes                        = 1048576                                   {product} {ergonomic}
   size_t MinHeapSize                              = 8388608                                   {product} {ergonomic}
    uintx NonNMethodCodeHeapSize                   = 5832780                                {pd product} {ergonomic}
    uintx NonProfiledCodeHeapSize                  = 122912730                              {pd product} {ergonomic}
    uintx ProfiledCodeHeapSize                     = 122912730                              {pd product} {ergonomic}
    uintx ReservedCodeCacheSize                    = 251658240                              {pd product} {ergonomic}
     bool SegmentedCodeCache                       = true                                      {product} {ergonomic}
   size_t SoftMaxHeapSize                          = 2116026368                             {manageable} {ergonomic}
     bool UseCompressedClassPointers               = true                           {product lp64_product} {ergonomic}
     bool UseCompressedOops                        = true                           {product lp64_product} {ergonomic}
     bool UseG1GC                                  = true                                      {product} {ergonomic}
     bool UseLargePagesIndividualAllocation        = false                                  {pd product} {ergonomic}

Logging:
Log output configuration:
 #0: stdout all=warning uptime,level,tags
 #1: stderr all=off uptime,level,tags

Environment Variables:
JAVA_HOME=C:\Program Files\Java\jdk-17
PATH=C:\Program Files\Common Files\Oracle\Java\javapath;C:\Program Files (x86)\Intel\iCLS Client\;C:\Program Files\Intel\iCLS Client\;C:\Windows\system32;C:\Windows;C:\Windows\System32\Wbem;C:\Windows\System32\WindowsPowerShell\v1.0\;C:\Windows\System32\OpenSSH\;C:\Program Files\Intel\Intel(R) Management Engine Components\DAL;C:\Program Files (x86)\Intel\Intel(R) Management Engine Components\DAL;C:\Program Files\Intel\Intel(R) Management Engine Components\IPT;C:\Program Files (x86)\Intel\Intel(R) Management Engine Components\IPT;C:\Program Files\Java\jdk-19\bin;C:\Program Files\Java\jdk-17\bin;C:\Program Files\Git\cmd;C:\Users\Vishal\AppData\Local\Microsoft\WindowsApps;
USERNAME=Vishal
OS=Windows_NT
PROCESSOR_IDENTIFIER=Intel64 Family 6 Model 58 Stepping 9, GenuineIntel



---------------  S Y S T E M  ---------------

OS:
 Windows 10 , 64 bit Build 19041 (10.0.19041.3636)
OS uptime: 3 days 18:31 hours

CPU: total 4 (initial active 4) (2 cores per cpu, 2 threads per core) family 6 model 58 stepping 9 microcode 0x21, cx8, cmov, fxsr, ht, mmx, sse, sse2, sse3, ssse3, sse4.1, sse4.2, popcnt, tsc, tscinvbit, avx, aes, erms, clmul, vzeroupper, clflush

Memory: 4k page, system-wide physical 8066M (688M free)
TotalPageFile size 21187M (AvailPageFile size 120M)
current process WorkingSet (physical memory assigned to process): 10M, peak: 10M
current process commit charge ("private bytes"): 51M, peak: 179M

vm_info: Java HotSpot(TM) 64-Bit Server VM (17.0.8+9-LTS-211) for windows-amd64 JRE (17.0.8+9-LTS-211), built on Jun 14 2023 10:34:31 by "mach5one" with MS VC++ 17.1 (VS2022)

END.
