#
# There is insufficient memory for the Java Runtime Environment to continue.
# Native memory allocation (malloc) failed to allocate 1012816 bytes for Chunk::new
# Possible reasons:
#   The system is out of physical RAM or swap space
#   The process is running with CompressedOops enabled, and the Java Heap may be blocking the growth of the native heap
# Possible solutions:
#   Reduce memory load on the system
#   Increase physical memory or swap space
#   Check if swap backing store is full
#   Decrease Java heap size (-Xmx/-Xms)
#   Decrease number of Java threads
#   Decrease Java thread stack sizes (-Xss)
#   Set larger code cache with -XX:ReservedCodeCacheSize=
#   JVM is running with Unscaled Compressed Oops mode in which the Java heap is
#     placed in the first 4GB address space. The Java Heap base address is the
#     maximum limit for the native heap growth. Please use -XX:HeapBaseMinAddress
#     to set the Java Heap base and to place the Java Heap above 4GB virtual address.
# This output file may be truncated or incomplete.
#
#  Out of Memory Error (arena.cpp:189), pid=19928, tid=17604
#
# JRE version: Java(TM) SE Runtime Environment (17.0.8+9) (build 17.0.8+9-LTS-211)
# Java VM: Java HotSpot(TM) 64-Bit Server VM (17.0.8+9-LTS-211, mixed mode, sharing, tiered, compressed oops, compressed class ptrs, g1 gc, windows-amd64)
# No core dump will be written. Minidumps are not enabled by default on client versions of Windows
#

---------------  S U M M A R Y ------------

Command Line: -ea -Didea.test.cyclic.buffer.size=1048576 -javaagent:C:\Program Files\JetBrains\IntelliJ IDEA Community Edition 2023.2.2\lib\idea_rt.jar=53260:C:\Program Files\JetBrains\IntelliJ IDEA Community Edition 2023.2.2\bin -Dfile.encoding=UTF-8 com.intellij.rt.junit.JUnitStarter -ideVersion5 -junit4 Electronics.ElectronicsTest,verifyUserShouldNavigateToCellPhonesPageSuccessfully

Host: Intel(R) Core(TM) i5-3230M CPU @ 2.60GHz, 4 cores, 7G,  Windows 10 , 64 bit Build 19041 (10.0.19041.3636)
Time: Tue Nov 28 14:57:33 2023 GMT Standard Time elapsed time: 4.854374 seconds (0d 0h 0m 4s)

---------------  T H R E A D  ---------------

Current thread (0x000001fdd49d8d40):  JavaThread "C2 CompilerThread0" daemon [_thread_in_native, id=17604, stack(0x0000003885400000,0x0000003885500000)]


Current CompileTask:
C2:   4854 1656       4       java.lang.invoke.MethodType::makeImpl (109 bytes)

Stack: [0x0000003885400000,0x0000003885500000]
Native frames: (J=compiled Java code, j=interpreted, Vv=VM code, C=native code)
V  [jvm.dll+0x677d0a]
V  [jvm.dll+0x7d8c54]
V  [jvm.dll+0x7da3fe]
V  [jvm.dll+0x7daa63]
V  [jvm.dll+0x245c5f]
V  [jvm.dll+0xaaa6b]
V  [jvm.dll+0xab00c]
V  [jvm.dll+0x361e3f]
V  [jvm.dll+0x1bb87a]
V  [jvm.dll+0x218157]
V  [jvm.dll+0x217431]
V  [jvm.dll+0x1a3af0]
V  [jvm.dll+0x2270be]
V  [jvm.dll+0x22535b]
V  [jvm.dll+0x78e7bc]
V  [jvm.dll+0x788bba]
V  [jvm.dll+0x676b35]
C  [ucrtbase.dll+0x21bb2]
C  [KERNEL32.DLL+0x17344]
C  [ntdll.dll+0x526b1]


---------------  P R O C E S S  ---------------

Threads class SMR info:
_java_thread_list=0x000001fe1a8c1e80, length=28, elements={
0x000001fdb716e170, 0x000001fdd49c1c30, 0x000001fdd49c3090, 0x000001fdd49d1a80,
0x000001fdd49d2340, 0x000001fdd49d33a0, 0x000001fdd49d80a0, 0x000001fdd49d8d40,
0x000001fdd49dd650, 0x000001fdd49f8eb0, 0x000001fdd49a9260, 0x000001fdd4d084e0,
0x000001fdd4cfc5f0, 0x000001fdd4f6b240, 0x000001fe1a6e4040, 0x000001fe1a571710,
0x000001fe1a5793c0, 0x000001fe1a5a3020, 0x000001fe1a5a71b0, 0x000001fe1a5a8b30,
0x000001fe1a54cb50, 0x000001fe1a54b340, 0x000001fe1a54d020, 0x000001fe1a549660,
0x000001fe1a54a4d0, 0x000001fe1a54b810, 0x000001fe1a549b30, 0x000001fe1ae72080
}

Java Threads: ( => current thread )
  0x000001fdb716e170 JavaThread "Forwarding get on session 715dbe1851f7d731a738f1c5a0ff28c9 to remote" [_thread_blocked, id=10712, stack(0x0000003884700000,0x0000003884800000)]
  0x000001fdd49c1c30 JavaThread "Reference Handler" daemon [_thread_blocked, id=19984, stack(0x0000003884e00000,0x0000003884f00000)]
  0x000001fdd49c3090 JavaThread "Finalizer" daemon [_thread_blocked, id=19340, stack(0x0000003884f00000,0x0000003885000000)]
  0x000001fdd49d1a80 JavaThread "Signal Dispatcher" daemon [_thread_blocked, id=21724, stack(0x0000003885000000,0x0000003885100000)]
  0x000001fdd49d2340 JavaThread "Attach Listener" daemon [_thread_blocked, id=23064, stack(0x0000003885100000,0x0000003885200000)]
  0x000001fdd49d33a0 JavaThread "Service Thread" daemon [_thread_blocked, id=21568, stack(0x0000003885200000,0x0000003885300000)]
  0x000001fdd49d80a0 JavaThread "Monitor Deflation Thread" daemon [_thread_blocked, id=13512, stack(0x0000003885300000,0x0000003885400000)]
=>0x000001fdd49d8d40 JavaThread "C2 CompilerThread0" daemon [_thread_in_native, id=17604, stack(0x0000003885400000,0x0000003885500000)]
  0x000001fdd49dd650 JavaThread "C1 CompilerThread0" daemon [_thread_blocked, id=23300, stack(0x0000003885500000,0x0000003885600000)]
  0x000001fdd49f8eb0 JavaThread "Sweeper thread" daemon [_thread_blocked, id=3712, stack(0x0000003885600000,0x0000003885700000)]
  0x000001fdd49a9260 JavaThread "Common-Cleaner" daemon [_thread_blocked, id=1568, stack(0x0000003885700000,0x0000003885800000)]
  0x000001fdd4d084e0 JavaThread "Monitor Ctrl-Break" daemon [_thread_in_native, id=17940, stack(0x0000003885800000,0x0000003885900000)]
  0x000001fdd4cfc5f0 JavaThread "Notification Thread" daemon [_thread_blocked, id=15132, stack(0x0000003885900000,0x0000003885a00000)]
  0x000001fdd4f6b240 JavaThread "ForkJoinPool.commonPool-worker-1" daemon [_thread_blocked, id=18804, stack(0x0000003885b00000,0x0000003885c00000)]
  0x000001fe1a6e4040 JavaThread "HttpClient-1-SelectorManager" daemon [_thread_in_native, id=9944, stack(0x0000003885c00000,0x0000003885d00000)]
  0x000001fe1a571710 JavaThread "Thread-2" [_thread_in_native, id=17980, stack(0x0000003886100000,0x0000003886200000)]
  0x000001fe1a5793c0 JavaThread "Driver Service Executor" daemon [_thread_blocked, id=22924, stack(0x0000003886200000,0x0000003886300000)]
  0x000001fe1a5a3020 JavaThread "Driver Service Executor" daemon [_thread_in_native, id=12124, stack(0x0000003886300000,0x0000003886400000)]
  0x000001fe1a5a71b0 JavaThread "UrlChecker-2" daemon [_thread_blocked, id=18480, stack(0x0000003886400000,0x0000003886500000)]
  0x000001fe1a5a8b30 JavaThread "Keep-Alive-Timer" daemon [_thread_blocked, id=18492, stack(0x0000003886600000,0x0000003886700000)]
  0x000001fe1a54cb50 JavaThread "pool-1-thread-1" [_thread_blocked, id=20872, stack(0x0000003886700000,0x0000003886800000)]
  0x000001fe1a54b340 JavaThread "pool-1-thread-2" [_thread_blocked, id=22088, stack(0x0000003886800000,0x0000003886900000)]
  0x000001fe1a54d020 JavaThread "pool-1-thread-3" [_thread_blocked, id=14788, stack(0x0000003886900000,0x0000003886a00000)]
  0x000001fe1a549660 JavaThread "HttpClient-2-SelectorManager" daemon [_thread_in_native, id=18252, stack(0x0000003886a00000,0x0000003886b00000)]
  0x000001fe1a54a4d0 JavaThread "pool-2-thread-1" [_thread_blocked, id=18036, stack(0x0000003886b00000,0x0000003886c00000)]
  0x000001fe1a54b810 JavaThread "pool-2-thread-2" [_thread_blocked, id=5800, stack(0x0000003886c00000,0x0000003886d00000)]
  0x000001fe1a549b30 JavaThread "pool-2-thread-3" [_thread_blocked, id=21124, stack(0x0000003886d00000,0x0000003886e00000)]
  0x000001fe1ae72080 JavaThread "C2 CompilerThread1" daemon [_thread_blocked, id=21264, stack(0x0000003886e00000,0x0000003886f00000)]

Other Threads:
  0x000001fdd49b9db0 VMThread "VM Thread" [stack: 0x0000003884d00000,0x0000003884e00000] [id=6032]
  0x000001fdd4c77200 WatcherThread [stack: 0x0000003885a00000,0x0000003885b00000] [id=18132]
  0x000001fdb71c7c00 GCTaskThread "GC Thread#0" [stack: 0x0000003884800000,0x0000003884900000] [id=6168]
  0x000001fe1a4a3020 GCTaskThread "GC Thread#1" [stack: 0x0000003885d00000,0x0000003885e00000] [id=22508]
  0x000001fe1a4a32d0 GCTaskThread "GC Thread#2" [stack: 0x0000003885e00000,0x0000003885f00000] [id=21920]
  0x000001fe1a48ee10 GCTaskThread "GC Thread#3" [stack: 0x0000003885f00000,0x0000003886000000] [id=22432]
  0x000001fdb71d96a0 ConcurrentGCThread "G1 Main Marker" [stack: 0x0000003884900000,0x0000003884a00000] [id=16152]
  0x000001fdb71da760 ConcurrentGCThread "G1 Conc#0" [stack: 0x0000003884a00000,0x0000003884b00000] [id=22880]
  0x000001fdd4880090 ConcurrentGCThread "G1 Refine#0" [stack: 0x0000003884b00000,0x0000003884c00000] [id=19648]
  0x000001fe1a4a3580 ConcurrentGCThread "G1 Refine#1" [stack: 0x0000003886000000,0x0000003886100000] [id=9124]
  0x000001fdd48808c0 ConcurrentGCThread "G1 Service" [stack: 0x0000003884c00000,0x0000003884d00000] [id=4324]

Threads with active compile tasks:
C2 CompilerThread0     4898 1656       4       java.lang.invoke.MethodType::makeImpl (109 bytes)

VM state: not at safepoint (normal execution)

VM Mutex/Monitor currently owned by a thread: None

Heap address: 0x0000000081e00000, size: 2018 MB, Compressed Oops mode: 32-bit

CDS archive(s) mapped at: [0x000001fdd5000000-0x000001fdd5bd0000-0x000001fdd5bd0000), size 12386304, SharedBaseAddress: 0x000001fdd5000000, ArchiveRelocationMode: 1.
Compressed class space mapped at: 0x000001fdd6000000-0x000001fe16000000, reserved size: 1073741824
Narrow klass base: 0x000001fdd5000000, Narrow klass shift: 0, Narrow klass range: 0x100000000

GC Precious Log:
 CPUs: 4 total, 4 available
 Memory: 8066M
 Large Page Support: Disabled
 NUMA Support: Disabled
 Compressed Oops: Enabled (32-bit)
 Heap Region Size: 1M
 Heap Min Capacity: 8M
 Heap Initial Capacity: 128M
 Heap Max Capacity: 2018M
 Pre-touch: Disabled
 Parallel Workers: 4
 Concurrent Workers: 1
 Concurrent Refinement Workers: 4
 Periodic GC: Disabled

Heap:
 garbage-first heap   total 131072K, used 15571K [0x0000000081e00000, 0x0000000100000000)
  region size 1024K, 10 young (10240K), 2 survivors (2048K)
 Metaspace       used 14030K, committed 14336K, reserved 1114112K
  class space    used 1743K, committed 1856K, reserved 1048576K

Heap Regions: E=young(eden), S=young(survivor), O=old, HS=humongous(starts), HC=humongous(continues), CS=collection set, F=free, OA=open archive, CA=closed archive, TAMS=top-at-mark-start (previous, next)
|   0|0x0000000081e00000, 0x0000000081f00000, 0x0000000081f00000|100%|HS|  |TAMS 0x0000000081e00000, 0x0000000081e00000| Complete 
|   1|0x0000000081f00000, 0x0000000082000000, 0x0000000082000000|100%|HC|  |TAMS 0x0000000081f00000, 0x0000000081f00000| Complete 
|   2|0x0000000082000000, 0x0000000082100000, 0x0000000082100000|100%|HC|  |TAMS 0x0000000082000000, 0x0000000082000000| Complete 
|   3|0x0000000082100000, 0x0000000082200000, 0x0000000082200000|100%| O|  |TAMS 0x0000000082100000, 0x0000000082100000| Untracked 
|   4|0x0000000082200000, 0x0000000082300000, 0x0000000082300000|100%| O|  |TAMS 0x0000000082200000, 0x0000000082200000| Untracked 
|   5|0x0000000082300000, 0x0000000082400000, 0x0000000082400000|100%| O|  |TAMS 0x0000000082300000, 0x0000000082300000| Untracked 
|   6|0x0000000082400000, 0x000000008245a400, 0x0000000082500000| 35%| O|  |TAMS 0x0000000082400000, 0x0000000082400000| Untracked 
|   7|0x0000000082500000, 0x0000000082500000, 0x0000000082600000|  0%| F|  |TAMS 0x0000000082500000, 0x0000000082500000| Untracked 
|   8|0x0000000082600000, 0x0000000082600000, 0x0000000082700000|  0%| F|  |TAMS 0x0000000082600000, 0x0000000082600000| Untracked 
|   9|0x0000000082700000, 0x0000000082700000, 0x0000000082800000|  0%| F|  |TAMS 0x0000000082700000, 0x0000000082700000| Untracked 
|  10|0x0000000082800000, 0x0000000082800000, 0x0000000082900000|  0%| F|  |TAMS 0x0000000082800000, 0x0000000082800000| Untracked 
|  11|0x0000000082900000, 0x0000000082900000, 0x0000000082a00000|  0%| F|  |TAMS 0x0000000082900000, 0x0000000082900000| Untracked 
|  12|0x0000000082a00000, 0x0000000082a00000, 0x0000000082b00000|  0%| F|  |TAMS 0x0000000082a00000, 0x0000000082a00000| Untracked 
|  13|0x0000000082b00000, 0x0000000082b00000, 0x0000000082c00000|  0%| F|  |TAMS 0x0000000082b00000, 0x0000000082b00000| Untracked 
|  14|0x0000000082c00000, 0x0000000082c00000, 0x0000000082d00000|  0%| F|  |TAMS 0x0000000082c00000, 0x0000000082c00000| Untracked 
|  15|0x0000000082d00000, 0x0000000082d00000, 0x0000000082e00000|  0%| F|  |TAMS 0x0000000082d00000, 0x0000000082d00000| Untracked 
|  16|0x0000000082e00000, 0x0000000082e00000, 0x0000000082f00000|  0%| F|  |TAMS 0x0000000082e00000, 0x0000000082e00000| Untracked 
|  17|0x0000000082f00000, 0x0000000082f00000, 0x0000000083000000|  0%| F|  |TAMS 0x0000000082f00000, 0x0000000082f00000| Untracked 
|  18|0x0000000083000000, 0x0000000083000000, 0x0000000083100000|  0%| F|  |TAMS 0x0000000083000000, 0x0000000083000000| Untracked 
|  19|0x0000000083100000, 0x0000000083100000, 0x0000000083200000|  0%| F|  |TAMS 0x0000000083100000, 0x0000000083100000| Untracked 
|  20|0x0000000083200000, 0x0000000083200000, 0x0000000083300000|  0%| F|  |TAMS 0x0000000083200000, 0x0000000083200000| Untracked 
|  21|0x0000000083300000, 0x0000000083300000, 0x0000000083400000|  0%| F|  |TAMS 0x0000000083300000, 0x0000000083300000| Untracked 
|  22|0x0000000083400000, 0x0000000083400000, 0x0000000083500000|  0%| F|  |TAMS 0x0000000083400000, 0x0000000083400000| Untracked 
|  23|0x0000000083500000, 0x0000000083500000, 0x0000000083600000|  0%| F|  |TAMS 0x0000000083500000, 0x0000000083500000| Untracked 
|  24|0x0000000083600000, 0x0000000083600000, 0x0000000083700000|  0%| F|  |TAMS 0x0000000083600000, 0x0000000083600000| Untracked 
|  25|0x0000000083700000, 0x0000000083700000, 0x0000000083800000|  0%| F|  |TAMS 0x0000000083700000, 0x0000000083700000| Untracked 
|  26|0x0000000083800000, 0x0000000083800000, 0x0000000083900000|  0%| F|  |TAMS 0x0000000083800000, 0x0000000083800000| Untracked 
|  27|0x0000000083900000, 0x0000000083900000, 0x0000000083a00000|  0%| F|  |TAMS 0x0000000083900000, 0x0000000083900000| Untracked 
|  28|0x0000000083a00000, 0x0000000083a00000, 0x0000000083b00000|  0%| F|  |TAMS 0x0000000083a00000, 0x0000000083a00000| Untracked 
|  29|0x0000000083b00000, 0x0000000083b00000, 0x0000000083c00000|  0%| F|  |TAMS 0x0000000083b00000, 0x0000000083b00000| Untracked 
|  30|0x0000000083c00000, 0x0000000083c00000, 0x0000000083d00000|  0%| F|  |TAMS 0x0000000083c00000, 0x0000000083c00000| Untracked 
|  31|0x0000000083d00000, 0x0000000083d00000, 0x0000000083e00000|  0%| F|  |TAMS 0x0000000083d00000, 0x0000000083d00000| Untracked 
|  32|0x0000000083e00000, 0x0000000083e00000, 0x0000000083f00000|  0%| F|  |TAMS 0x0000000083e00000, 0x0000000083e00000| Untracked 
|  33|0x0000000083f00000, 0x0000000083f00000, 0x0000000084000000|  0%| F|  |TAMS 0x0000000083f00000, 0x0000000083f00000| Untracked 
|  34|0x0000000084000000, 0x0000000084000000, 0x0000000084100000|  0%| F|  |TAMS 0x0000000084000000, 0x0000000084000000| Untracked 
|  35|0x0000000084100000, 0x0000000084100000, 0x0000000084200000|  0%| F|  |TAMS 0x0000000084100000, 0x0000000084100000| Untracked 
|  36|0x0000000084200000, 0x0000000084200000, 0x0000000084300000|  0%| F|  |TAMS 0x0000000084200000, 0x0000000084200000| Untracked 
|  37|0x0000000084300000, 0x0000000084300000, 0x0000000084400000|  0%| F|  |TAMS 0x0000000084300000, 0x0000000084300000| Untracked 
|  38|0x0000000084400000, 0x0000000084400000, 0x0000000084500000|  0%| F|  |TAMS 0x0000000084400000, 0x0000000084400000| Untracked 
|  39|0x0000000084500000, 0x0000000084500000, 0x0000000084600000|  0%| F|  |TAMS 0x0000000084500000, 0x0000000084500000| Untracked 
|  40|0x0000000084600000, 0x0000000084600000, 0x0000000084700000|  0%| F|  |TAMS 0x0000000084600000, 0x0000000084600000| Untracked 
|  41|0x0000000084700000, 0x0000000084700000, 0x0000000084800000|  0%| F|  |TAMS 0x0000000084700000, 0x0000000084700000| Untracked 
|  42|0x0000000084800000, 0x0000000084800000, 0x0000000084900000|  0%| F|  |TAMS 0x0000000084800000, 0x0000000084800000| Untracked 
|  43|0x0000000084900000, 0x0000000084900000, 0x0000000084a00000|  0%| F|  |TAMS 0x0000000084900000, 0x0000000084900000| Untracked 
|  44|0x0000000084a00000, 0x0000000084a00000, 0x0000000084b00000|  0%| F|  |TAMS 0x0000000084a00000, 0x0000000084a00000| Untracked 
|  45|0x0000000084b00000, 0x0000000084b00000, 0x0000000084c00000|  0%| F|  |TAMS 0x0000000084b00000, 0x0000000084b00000| Untracked 
|  46|0x0000000084c00000, 0x0000000084c00000, 0x0000000084d00000|  0%| F|  |TAMS 0x0000000084c00000, 0x0000000084c00000| Untracked 
|  47|0x0000000084d00000, 0x0000000084d00000, 0x0000000084e00000|  0%| F|  |TAMS 0x0000000084d00000, 0x0000000084d00000| Untracked 
|  48|0x0000000084e00000, 0x0000000084e00000, 0x0000000084f00000|  0%| F|  |TAMS 0x0000000084e00000, 0x0000000084e00000| Untracked 
|  49|0x0000000084f00000, 0x0000000084f00000, 0x0000000085000000|  0%| F|  |TAMS 0x0000000084f00000, 0x0000000084f00000| Untracked 
|  50|0x0000000085000000, 0x0000000085000000, 0x0000000085100000|  0%| F|  |TAMS 0x0000000085000000, 0x0000000085000000| Untracked 
|  51|0x0000000085100000, 0x0000000085100000, 0x0000000085200000|  0%| F|  |TAMS 0x0000000085100000, 0x0000000085100000| Untracked 
|  52|0x0000000085200000, 0x0000000085200000, 0x0000000085300000|  0%| F|  |TAMS 0x0000000085200000, 0x0000000085200000| Untracked 
|  53|0x0000000085300000, 0x0000000085300000, 0x0000000085400000|  0%| F|  |TAMS 0x0000000085300000, 0x0000000085300000| Untracked 
|  54|0x0000000085400000, 0x0000000085400000, 0x0000000085500000|  0%| F|  |TAMS 0x0000000085400000, 0x0000000085400000| Untracked 
|  55|0x0000000085500000, 0x0000000085500000, 0x0000000085600000|  0%| F|  |TAMS 0x0000000085500000, 0x0000000085500000| Untracked 
|  56|0x0000000085600000, 0x0000000085600000, 0x0000000085700000|  0%| F|  |TAMS 0x0000000085600000, 0x0000000085600000| Untracked 
|  57|0x0000000085700000, 0x0000000085700000, 0x0000000085800000|  0%| F|  |TAMS 0x0000000085700000, 0x0000000085700000| Untracked 
|  58|0x0000000085800000, 0x0000000085800000, 0x0000000085900000|  0%| F|  |TAMS 0x0000000085800000, 0x0000000085800000| Untracked 
|  59|0x0000000085900000, 0x0000000085900000, 0x0000000085a00000|  0%| F|  |TAMS 0x0000000085900000, 0x0000000085900000| Untracked 
|  60|0x0000000085a00000, 0x0000000085a00000, 0x0000000085b00000|  0%| F|  |TAMS 0x0000000085a00000, 0x0000000085a00000| Untracked 
|  61|0x0000000085b00000, 0x0000000085b00000, 0x0000000085c00000|  0%| F|  |TAMS 0x0000000085b00000, 0x0000000085b00000| Untracked 
|  62|0x0000000085c00000, 0x0000000085c00000, 0x0000000085d00000|  0%| F|  |TAMS 0x0000000085c00000, 0x0000000085c00000| Untracked 
|  63|0x0000000085d00000, 0x0000000085d00000, 0x0000000085e00000|  0%| F|  |TAMS 0x0000000085d00000, 0x0000000085d00000| Untracked 
|  64|0x0000000085e00000, 0x0000000085e00000, 0x0000000085f00000|  0%| F|  |TAMS 0x0000000085e00000, 0x0000000085e00000| Untracked 
|  65|0x0000000085f00000, 0x0000000085f00000, 0x0000000086000000|  0%| F|  |TAMS 0x0000000085f00000, 0x0000000085f00000| Untracked 
|  66|0x0000000086000000, 0x0000000086000000, 0x0000000086100000|  0%| F|  |TAMS 0x0000000086000000, 0x0000000086000000| Untracked 
|  67|0x0000000086100000, 0x0000000086100000, 0x0000000086200000|  0%| F|  |TAMS 0x0000000086100000, 0x0000000086100000| Untracked 
|  68|0x0000000086200000, 0x0000000086200000, 0x0000000086300000|  0%| F|  |TAMS 0x0000000086200000, 0x0000000086200000| Untracked 
|  69|0x0000000086300000, 0x0000000086300000, 0x0000000086400000|  0%| F|  |TAMS 0x0000000086300000, 0x0000000086300000| Untracked 
|  70|0x0000000086400000, 0x0000000086400000, 0x0000000086500000|  0%| F|  |TAMS 0x0000000086400000, 0x0000000086400000| Untracked 
|  71|0x0000000086500000, 0x0000000086500000, 0x0000000086600000|  0%| F|  |TAMS 0x0000000086500000, 0x0000000086500000| Untracked 
|  72|0x0000000086600000, 0x0000000086600000, 0x0000000086700000|  0%| F|  |TAMS 0x0000000086600000, 0x0000000086600000| Untracked 
|  73|0x0000000086700000, 0x0000000086700000, 0x0000000086800000|  0%| F|  |TAMS 0x0000000086700000, 0x0000000086700000| Untracked 
|  74|0x0000000086800000, 0x0000000086800000, 0x0000000086900000|  0%| F|  |TAMS 0x0000000086800000, 0x0000000086800000| Untracked 
|  75|0x0000000086900000, 0x0000000086900000, 0x0000000086a00000|  0%| F|  |TAMS 0x0000000086900000, 0x0000000086900000| Untracked 
|  76|0x0000000086a00000, 0x0000000086a00000, 0x0000000086b00000|  0%| F|  |TAMS 0x0000000086a00000, 0x0000000086a00000| Untracked 
|  77|0x0000000086b00000, 0x0000000086b00000, 0x0000000086c00000|  0%| F|  |TAMS 0x0000000086b00000, 0x0000000086b00000| Untracked 
|  78|0x0000000086c00000, 0x0000000086c00000, 0x0000000086d00000|  0%| F|  |TAMS 0x0000000086c00000, 0x0000000086c00000| Untracked 
|  79|0x0000000086d00000, 0x0000000086d00000, 0x0000000086e00000|  0%| F|  |TAMS 0x0000000086d00000, 0x0000000086d00000| Untracked 
|  80|0x0000000086e00000, 0x0000000086e00000, 0x0000000086f00000|  0%| F|  |TAMS 0x0000000086e00000, 0x0000000086e00000| Untracked 
|  81|0x0000000086f00000, 0x0000000086f00000, 0x0000000087000000|  0%| F|  |TAMS 0x0000000086f00000, 0x0000000086f00000| Untracked 
|  82|0x0000000087000000, 0x0000000087000000, 0x0000000087100000|  0%| F|  |TAMS 0x0000000087000000, 0x0000000087000000| Untracked 
|  83|0x0000000087100000, 0x0000000087100000, 0x0000000087200000|  0%| F|  |TAMS 0x0000000087100000, 0x0000000087100000| Untracked 
|  84|0x0000000087200000, 0x0000000087200000, 0x0000000087300000|  0%| F|  |TAMS 0x0000000087200000, 0x0000000087200000| Untracked 
|  85|0x0000000087300000, 0x0000000087300000, 0x0000000087400000|  0%| F|  |TAMS 0x0000000087300000, 0x0000000087300000| Untracked 
|  86|0x0000000087400000, 0x0000000087400000, 0x0000000087500000|  0%| F|  |TAMS 0x0000000087400000, 0x0000000087400000| Untracked 
|  87|0x0000000087500000, 0x0000000087500000, 0x0000000087600000|  0%| F|  |TAMS 0x0000000087500000, 0x0000000087500000| Untracked 
|  88|0x0000000087600000, 0x0000000087600000, 0x0000000087700000|  0%| F|  |TAMS 0x0000000087600000, 0x0000000087600000| Untracked 
|  89|0x0000000087700000, 0x0000000087700000, 0x0000000087800000|  0%| F|  |TAMS 0x0000000087700000, 0x0000000087700000| Untracked 
|  90|0x0000000087800000, 0x0000000087800000, 0x0000000087900000|  0%| F|  |TAMS 0x0000000087800000, 0x0000000087800000| Untracked 
|  91|0x0000000087900000, 0x0000000087900000, 0x0000000087a00000|  0%| F|  |TAMS 0x0000000087900000, 0x0000000087900000| Untracked 
|  92|0x0000000087a00000, 0x0000000087a00000, 0x0000000087b00000|  0%| F|  |TAMS 0x0000000087a00000, 0x0000000087a00000| Untracked 
|  93|0x0000000087b00000, 0x0000000087b00000, 0x0000000087c00000|  0%| F|  |TAMS 0x0000000087b00000, 0x0000000087b00000| Untracked 
|  94|0x0000000087c00000, 0x0000000087c00000, 0x0000000087d00000|  0%| F|  |TAMS 0x0000000087c00000, 0x0000000087c00000| Untracked 
|  95|0x0000000087d00000, 0x0000000087d00000, 0x0000000087e00000|  0%| F|  |TAMS 0x0000000087d00000, 0x0000000087d00000| Untracked 
|  96|0x0000000087e00000, 0x0000000087e00000, 0x0000000087f00000|  0%| F|  |TAMS 0x0000000087e00000, 0x0000000087e00000| Untracked 
|  97|0x0000000087f00000, 0x0000000087f00000, 0x0000000088000000|  0%| F|  |TAMS 0x0000000087f00000, 0x0000000087f00000| Untracked 
|  98|0x0000000088000000, 0x0000000088000000, 0x0000000088100000|  0%| F|  |TAMS 0x0000000088000000, 0x0000000088000000| Untracked 
|  99|0x0000000088100000, 0x0000000088100000, 0x0000000088200000|  0%| F|  |TAMS 0x0000000088100000, 0x0000000088100000| Untracked 
| 100|0x0000000088200000, 0x0000000088200000, 0x0000000088300000|  0%| F|  |TAMS 0x0000000088200000, 0x0000000088200000| Untracked 
| 101|0x0000000088300000, 0x0000000088300000, 0x0000000088400000|  0%| F|  |TAMS 0x0000000088300000, 0x0000000088300000| Untracked 
| 102|0x0000000088400000, 0x0000000088400000, 0x0000000088500000|  0%| F|  |TAMS 0x0000000088400000, 0x0000000088400000| Untracked 
| 103|0x0000000088500000, 0x0000000088500000, 0x0000000088600000|  0%| F|  |TAMS 0x0000000088500000, 0x0000000088500000| Untracked 
| 104|0x0000000088600000, 0x0000000088600000, 0x0000000088700000|  0%| F|  |TAMS 0x0000000088600000, 0x0000000088600000| Untracked 
| 105|0x0000000088700000, 0x0000000088700000, 0x0000000088800000|  0%| F|  |TAMS 0x0000000088700000, 0x0000000088700000| Untracked 
| 106|0x0000000088800000, 0x0000000088800000, 0x0000000088900000|  0%| F|  |TAMS 0x0000000088800000, 0x0000000088800000| Untracked 
| 107|0x0000000088900000, 0x0000000088900000, 0x0000000088a00000|  0%| F|  |TAMS 0x0000000088900000, 0x0000000088900000| Untracked 
| 108|0x0000000088a00000, 0x0000000088a00000, 0x0000000088b00000|  0%| F|  |TAMS 0x0000000088a00000, 0x0000000088a00000| Untracked 
| 109|0x0000000088b00000, 0x0000000088b00000, 0x0000000088c00000|  0%| F|  |TAMS 0x0000000088b00000, 0x0000000088b00000| Untracked 
| 110|0x0000000088c00000, 0x0000000088c00000, 0x0000000088d00000|  0%| F|  |TAMS 0x0000000088c00000, 0x0000000088c00000| Untracked 
| 111|0x0000000088d00000, 0x0000000088d00000, 0x0000000088e00000|  0%| F|  |TAMS 0x0000000088d00000, 0x0000000088d00000| Untracked 
| 112|0x0000000088e00000, 0x0000000088edab00, 0x0000000088f00000| 85%| S|CS|TAMS 0x0000000088e00000, 0x0000000088e00000| Complete 
| 113|0x0000000088f00000, 0x0000000088f00000, 0x0000000089000000|  0%| F|  |TAMS 0x0000000088f00000, 0x0000000088f00000| Untracked 
| 114|0x0000000089000000, 0x0000000089000000, 0x0000000089100000|  0%| F|  |TAMS 0x0000000089000000, 0x0000000089000000| Untracked 
| 115|0x0000000089100000, 0x0000000089200000, 0x0000000089200000|100%| S|CS|TAMS 0x0000000089100000, 0x0000000089100000| Complete 
| 116|0x0000000089200000, 0x0000000089200000, 0x0000000089300000|  0%| F|  |TAMS 0x0000000089200000, 0x0000000089200000| Untracked 
| 117|0x0000000089300000, 0x0000000089300000, 0x0000000089400000|  0%| F|  |TAMS 0x0000000089300000, 0x0000000089300000| Untracked 
| 118|0x0000000089400000, 0x0000000089400000, 0x0000000089500000|  0%| F|  |TAMS 0x0000000089400000, 0x0000000089400000| Untracked 
| 119|0x0000000089500000, 0x0000000089500000, 0x0000000089600000|  0%| F|  |TAMS 0x0000000089500000, 0x0000000089500000| Untracked 
| 120|0x0000000089600000, 0x00000000896f0a60, 0x0000000089700000| 94%| E|  |TAMS 0x0000000089600000, 0x0000000089600000| Complete 
| 121|0x0000000089700000, 0x0000000089800000, 0x0000000089800000|100%| E|CS|TAMS 0x0000000089700000, 0x0000000089700000| Complete 
| 122|0x0000000089800000, 0x0000000089900000, 0x0000000089900000|100%| E|CS|TAMS 0x0000000089800000, 0x0000000089800000| Complete 
| 123|0x0000000089900000, 0x0000000089a00000, 0x0000000089a00000|100%| E|CS|TAMS 0x0000000089900000, 0x0000000089900000| Complete 
| 124|0x0000000089a00000, 0x0000000089b00000, 0x0000000089b00000|100%| E|CS|TAMS 0x0000000089a00000, 0x0000000089a00000| Complete 
| 125|0x0000000089b00000, 0x0000000089c00000, 0x0000000089c00000|100%| E|CS|TAMS 0x0000000089b00000, 0x0000000089b00000| Complete 
| 126|0x0000000089c00000, 0x0000000089d00000, 0x0000000089d00000|100%| E|CS|TAMS 0x0000000089c00000, 0x0000000089c00000| Complete 
| 127|0x0000000089d00000, 0x0000000089e00000, 0x0000000089e00000|100%| E|CS|TAMS 0x0000000089d00000, 0x0000000089d00000| Complete 

Card table byte_map: [0x000001fdcde20000,0x000001fdce220000] _byte_map_base: 0x000001fdcda11000

Marking Bits (Prev, Next): (CMBitMap*) 0x000001fdb71c9130, (CMBitMap*) 0x000001fdb71c9170
 Prev Bits: [0x000001fdce620000, 0x000001fdd05a8000)
 Next Bits: [0x000001fdd05b0000, 0x000001fdd2538000)

Polling page: 0x000001fdb6950000

Metaspace:

Usage:
  Non-class:     12.00 MB used.
      Class:      1.70 MB used.
       Both:     13.70 MB used.

Virtual space:
  Non-class space:       64.00 MB reserved,      12.19 MB ( 19%) committed,  1 nodes.
      Class space:        1.00 GB reserved,       1.81 MB ( <1%) committed,  1 nodes.
             Both:        1.06 GB reserved,      14.00 MB (  1%) committed. 

Chunk freelists:
   Non-Class:  2.92 MB
       Class:  14.14 MB
        Both:  17.06 MB

MaxMetaspaceSize: unlimited
CompressedClassSpaceSize: 1.00 GB
Initial GC threshold: 21.00 MB
Current GC threshold: 21.00 MB
CDS: on
MetaspaceReclaimPolicy: balanced
 - commit_granule_bytes: 65536.
 - commit_granule_words: 8192.
 - virtual_space_node_default_size: 8388608.
 - enlarge_chunks_in_place: 1.
 - new_chunks_are_fully_committed: 0.
 - uncommit_free_chunks: 1.
 - use_allocation_guard: 0.
 - handle_deallocations: 1.


Internal statistics:

num_allocs_failed_limit: 0.
num_arena_births: 216.
num_arena_deaths: 0.
num_vsnodes_births: 2.
num_vsnodes_deaths: 0.
num_space_committed: 224.
num_space_uncommitted: 0.
num_chunks_returned_to_freelist: 0.
num_chunks_taken_from_freelist: 542.
num_chunk_merges: 0.
num_chunk_splits: 334.
num_chunks_enlarged: 235.
num_purges: 0.
num_inconsistent_stats: 0.

CodeHeap 'non-profiled nmethods': size=120000Kb used=540Kb max_used=540Kb free=119459Kb
 bounds [0x000001fdc64f0000, 0x000001fdc6760000, 0x000001fdcda20000]
CodeHeap 'profiled nmethods': size=120000Kb used=3379Kb max_used=3379Kb free=116620Kb
 bounds [0x000001fdbea20000, 0x000001fdbed70000, 0x000001fdc5f50000]
CodeHeap 'non-nmethods': size=5760Kb used=1231Kb max_used=1248Kb free=4528Kb
 bounds [0x000001fdc5f50000, 0x000001fdc61c0000, 0x000001fdc64f0000]
 total_blobs=2307 nmethods=1773 adapters=446
 compilation: enabled
              stopped_count=0, restarted_count=0
 full_count=0

Compilation events (20 events):
Event: 4.711 Thread 0x000001fdd49dd650 1765       3       java.util.TreeMap::successor (66 bytes)
Event: 4.711 Thread 0x000001fdd49dd650 nmethod 1765 0x000001fdbed67d90 code [0x000001fdbed67f60, 0x000001fdbed682d8]
Event: 4.712 Thread 0x000001fdd49dd650 1764       3       org.openqa.selenium.SharedCapabilitiesMethods$$Lambda$482/0x000001fdd61d8000::compare (12 bytes)
Event: 4.712 Thread 0x000001fdd49dd650 nmethod 1764 0x000001fdbed68410 code [0x000001fdbed685c0, 0x000001fdbed68908]
Event: 4.712 Thread 0x000001fdd49dd650 1766       3       java.lang.AbstractStringBuilder::checkRange (63 bytes)
Event: 4.714 Thread 0x000001fdd49dd650 nmethod 1766 0x000001fdbed68a10 code [0x000001fdbed68ca0, 0x000001fdbed695f8]
Event: 4.714 Thread 0x000001fdd49dd650 1767       3       java.util.LinkedHashMap$LinkedEntryIterator::next (5 bytes)
Event: 4.714 Thread 0x000001fdd49dd650 nmethod 1767 0x000001fdbed69990 code [0x000001fdbed69b40, 0x000001fdbed69cc8]
Event: 4.719 Thread 0x000001fdd49dd650 1768       3       java.lang.AbstractStringBuilder::appendChars (207 bytes)
Event: 4.721 Thread 0x000001fdd49dd650 nmethod 1768 0x000001fdbed69d90 code [0x000001fdbed6a040, 0x000001fdbed6afc8]
Event: 4.721 Thread 0x000001fdd49dd650 1769       3       java.net.URI$Parser::at (23 bytes)
Event: 4.722 Thread 0x000001fdd49dd650 nmethod 1769 0x000001fdbed6b590 code [0x000001fdbed6b780, 0x000001fdbed6bdb8]
Event: 4.722 Thread 0x000001fdd49dd650 1771       3       jdk.internal.misc.Unsafe::getAndAddLong (27 bytes)
Event: 4.722 Thread 0x000001fdd49dd650 nmethod 1771 0x000001fdbed6c090 code [0x000001fdbed6c240, 0x000001fdbed6c488]
Event: 4.723 Thread 0x000001fdd49dd650 1772       1       java.util.logging.Level::intValue (5 bytes)
Event: 4.723 Thread 0x000001fdd49dd650 nmethod 1772 0x000001fdc6576a90 code [0x000001fdc6576c20, 0x000001fdc6576cf8]
Event: 4.723 Thread 0x000001fdd49dd650 1773       3       java.util.ImmutableCollections$List12::<init> (20 bytes)
Event: 4.723 Thread 0x000001fdd49dd650 nmethod 1773 0x000001fdbed6c590 code [0x000001fdbed6c760, 0x000001fdbed6cc08]
Event: 4.724 Thread 0x000001fdd49dd650 1774       1       java.util.concurrent.atomic.AtomicLong::get (5 bytes)
Event: 4.724 Thread 0x000001fdd49dd650 nmethod 1774 0x000001fdc6576d90 code [0x000001fdc6576f20, 0x000001fdc6576ff8]

GC Heap History (4 events):
Event: 1.707 GC heap before
{Heap before GC invocations=0 (full 0):
 garbage-first heap   total 131072K, used 16384K [0x0000000081e00000, 0x0000000100000000)
  region size 1024K, 13 young (13312K), 0 survivors (0K)
 Metaspace       used 5551K, committed 5760K, reserved 1114112K
  class space    used 673K, committed 768K, reserved 1048576K
}
Event: 1.716 GC heap after
{Heap after GC invocations=1 (full 0):
 garbage-first heap   total 131072K, used 6397K [0x0000000081e00000, 0x0000000100000000)
  region size 1024K, 2 young (2048K), 2 survivors (2048K)
 Metaspace       used 5551K, committed 5760K, reserved 1114112K
  class space    used 673K, committed 768K, reserved 1048576K
}
Event: 2.436 GC heap before
{Heap before GC invocations=1 (full 0):
 garbage-first heap   total 131072K, used 18685K [0x0000000081e00000, 0x0000000100000000)
  region size 1024K, 14 young (14336K), 2 survivors (2048K)
 Metaspace       used 11072K, committed 11328K, reserved 1114112K
  class space    used 1335K, committed 1472K, reserved 1048576K
}
Event: 2.442 GC heap after
{Heap after GC invocations=2 (full 0):
 garbage-first heap   total 131072K, used 8403K [0x0000000081e00000, 0x0000000100000000)
  region size 1024K, 2 young (2048K), 2 survivors (2048K)
 Metaspace       used 11072K, committed 11328K, reserved 1114112K
  class space    used 1335K, committed 1472K, reserved 1048576K
}

Deoptimization events (20 events):
Event: 2.329 Thread 0x000001fdb716e170 Uncommon trap: trap_request=0xffffffde fr.pc=0x000001fdc6565d34 relative=0x0000000000000114
Event: 2.329 Thread 0x000001fdb716e170 Uncommon trap: reason=class_check action=maybe_recompile pc=0x000001fdc6565d34 method=jdk.internal.misc.Unsafe.allocateUninitializedArray(Ljava/lang/Class;I)Ljava/lang/Object; @ 51 c2
Event: 2.329 Thread 0x000001fdb716e170 DEOPT PACKING pc=0x000001fdc6565d34 sp=0x00000038847fd620
Event: 2.329 Thread 0x000001fdb716e170 DEOPT UNPACKING pc=0x000001fdc5fa23a3 sp=0x00000038847fd5a8 mode 2
Event: 2.329 Thread 0x000001fdb716e170 Uncommon trap: trap_request=0xffffffde fr.pc=0x000001fdc6565d34 relative=0x0000000000000114
Event: 2.329 Thread 0x000001fdb716e170 Uncommon trap: reason=class_check action=maybe_recompile pc=0x000001fdc6565d34 method=jdk.internal.misc.Unsafe.allocateUninitializedArray(Ljava/lang/Class;I)Ljava/lang/Object; @ 51 c2
Event: 2.329 Thread 0x000001fdb716e170 DEOPT PACKING pc=0x000001fdc6565d34 sp=0x00000038847f9940
Event: 2.329 Thread 0x000001fdb716e170 DEOPT UNPACKING pc=0x000001fdc5fa23a3 sp=0x00000038847f98c8 mode 2
Event: 2.345 Thread 0x000001fdb716e170 DEOPT PACKING pc=0x000001fdbec5dc49 sp=0x00000038847f5e90
Event: 2.345 Thread 0x000001fdb716e170 DEOPT UNPACKING pc=0x000001fdc5fa2b43 sp=0x00000038847f53a0 mode 0
Event: 4.453 Thread 0x000001fdb716e170 DEOPT PACKING pc=0x000001fdbeb203a7 sp=0x00000038847f6710
Event: 4.453 Thread 0x000001fdb716e170 DEOPT UNPACKING pc=0x000001fdc5fa2b43 sp=0x00000038847f5b70 mode 0
Event: 4.498 Thread 0x000001fdb716e170 Uncommon trap: trap_request=0xffffff45 fr.pc=0x000001fdc65649b0 relative=0x0000000000000d90
Event: 4.499 Thread 0x000001fdb716e170 Uncommon trap: reason=unstable_if action=reinterpret pc=0x000001fdc65649b0 method=java.util.HashMap.putVal(ILjava/lang/Object;Ljava/lang/Object;ZZ)Ljava/lang/Object; @ 81 c2
Event: 4.499 Thread 0x000001fdb716e170 DEOPT PACKING pc=0x000001fdc65649b0 sp=0x00000038847fd380
Event: 4.499 Thread 0x000001fdb716e170 DEOPT UNPACKING pc=0x000001fdc5fa23a3 sp=0x00000038847fd330 mode 2
Event: 4.543 Thread 0x000001fdb716e170 Uncommon trap: trap_request=0xffffff45 fr.pc=0x000001fdc653c9b4 relative=0x0000000000000e94
Event: 4.543 Thread 0x000001fdb716e170 Uncommon trap: reason=unstable_if action=reinterpret pc=0x000001fdc653c9b4 method=java.util.concurrent.ConcurrentHashMap.putVal(Ljava/lang/Object;Ljava/lang/Object;Z)Ljava/lang/Object; @ 231 c2
Event: 4.543 Thread 0x000001fdb716e170 DEOPT PACKING pc=0x000001fdc653c9b4 sp=0x00000038847fdbd0
Event: 4.543 Thread 0x000001fdb716e170 DEOPT UNPACKING pc=0x000001fdc5fa23a3 sp=0x00000038847fdb40 mode 2

Classes unloaded (0 events):
No events

Classes redefined (0 events):
No events

Internal exceptions (20 events):
Event: 1.892 Thread 0x000001fdb716e170 Exception <a 'java/lang/NoSuchMethodError'{0x0000000089997950}: 'java.lang.Object java.lang.invoke.DirectMethodHandle$Holder.invokeStaticInit(java.lang.Object, int, int, int, int)'> (0x0000000089997950) 
thrown [s\open\src\hotspot\share\interpreter\linkResolver.cpp, line 759]
Event: 1.995 Thread 0x000001fdb716e170 Exception <a 'java/lang/NoSuchMethodError'{0x0000000089807008}: 'java.lang.Object java.lang.invoke.DirectMethodHandle$Holder.invokeStaticInit(java.lang.Object, java.lang.Object, int, int, int, int)'> (0x0000000089807008) 
thrown [s\open\src\hotspot\share\interpreter\linkResolver.cpp, line 759]
Event: 2.150 Thread 0x000001fdb716e170 Exception <a 'java/lang/NoSuchMethodError'{0x00000000897dd0d8}: 'java.lang.Object java.lang.invoke.DirectMethodHandle$Holder.invokeInterface(java.lang.Object, java.lang.Object, java.lang.Object)'> (0x00000000897dd0d8) 
thrown [s\open\src\hotspot\share\interpreter\linkResolver.cpp, line 759]
Event: 2.151 Thread 0x000001fdb716e170 Exception <a 'java/lang/IncompatibleClassChangeError'{0x00000000897e07a0}: Found class java.lang.Object, but interface was expected> (0x00000000897e07a0) 
thrown [s\open\src\hotspot\share\interpreter\linkResolver.cpp, line 826]
Event: 2.153 Thread 0x000001fdb716e170 Exception <a 'java/lang/NoSuchMethodError'{0x00000000897e8d48}: 'int java.lang.invoke.DirectMethodHandle$Holder.invokeSpecialIFC(java.lang.Object, java.lang.Object, java.lang.Object, java.lang.Object)'> (0x00000000897e8d48) 
thrown [s\open\src\hotspot\share\interpreter\linkResolver.cpp, line 759]
Event: 2.166 Thread 0x000001fdb716e170 Exception <a 'java/lang/NoSuchMethodError'{0x000000008964c0a8}: 'java.lang.Object java.lang.invoke.DirectMethodHandle$Holder.invokeVirtual(java.lang.Object, java.lang.Object, java.lang.Object, java.lang.Object)'> (0x000000008964c0a8) 
thrown [s\open\src\hotspot\share\interpreter\linkResolver.cpp, line 759]
Event: 2.206 Thread 0x000001fe1a5a71b0 Exception <a 'java/net/ConnectException'{0x00000000896d83b8}: Connection refused: no further information> (0x00000000896d83b8) 
thrown [s\open\src\hotspot\share\prims\jni.cpp, line 535]
Event: 2.206 Thread 0x000001fe1a5a71b0 Exception <a 'java/net/SocketException'{0x00000000896d86f0}: Socket is not connected: shutdown> (0x00000000896d86f0) 
thrown [s\open\src\hotspot\share\prims\jni.cpp, line 535]
Event: 2.219 Thread 0x000001fe1a5a71b0 Exception <a 'java/net/ConnectException'{0x00000000896d9668}: Connection refused: no further information> (0x00000000896d9668) 
thrown [s\open\src\hotspot\share\prims\jni.cpp, line 535]
Event: 2.219 Thread 0x000001fe1a5a71b0 Exception <a 'java/net/SocketException'{0x00000000896d99a0}: Socket is not connected: shutdown> (0x00000000896d99a0) 
thrown [s\open\src\hotspot\share\prims\jni.cpp, line 535]
Event: 2.307 Thread 0x000001fdb716e170 Exception <a 'java/lang/NoSuchMethodError'{0x00000000895ee598}: 'java.lang.Object java.lang.invoke.DirectMethodHandle$Holder.newInvokeSpecial(java.lang.Object, java.lang.Object, int, int)'> (0x00000000895ee598) 
thrown [s\open\src\hotspot\share\interpreter\linkResolver.cpp, line 759]
Event: 2.308 Thread 0x000001fdb716e170 Exception <a 'java/lang/NoSuchMethodError'{0x00000000895f92e0}: 'void java.lang.invoke.DirectMethodHandle$Holder.invokeStatic(java.lang.Object, java.lang.Object, int)'> (0x00000000895f92e0) 
thrown [s\open\src\hotspot\share\interpreter\linkResolver.cpp, line 759]
Event: 2.455 Thread 0x000001fdb716e170 Exception <a 'java/lang/NoSuchMethodError'{0x0000000089d372f0}: 'void java.lang.invoke.DirectMethodHandle$Holder.invokeSpecial(java.lang.Object, java.lang.Object, java.lang.Object)'> (0x0000000089d372f0) 
thrown [s\open\src\hotspot\share\interpreter\linkResolver.cpp, line 759]
Event: 2.525 Thread 0x000001fe1a54cb50 Exception <a 'java/lang/NoSuchMethodError'{0x0000000089c53710}: 'java.lang.Object java.lang.invoke.DirectMethodHandle$Holder.invokeSpecial(java.lang.Object, java.lang.Object, java.lang.Object, java.lang.Object, int)'> (0x0000000089c53710) 
thrown [s\open\src\hotspot\share\interpreter\linkResolver.cpp, line 759]
Event: 2.525 Thread 0x000001fe1a54cb50 Exception <a 'java/lang/NoSuchMethodError'{0x0000000089c572d8}: 'java.lang.Object java.lang.invoke.Invokers$Holder.linkToTargetMethod(java.lang.Object, java.lang.Object, int, java.lang.Object)'> (0x0000000089c572d8) 
thrown [s\open\src\hotspot\share\interpreter\linkResolver.cpp, line 759]
Event: 2.555 Thread 0x000001fe1a54cb50 Exception <a 'java/lang/NoSuchMethodError'{0x0000000089ca9960}: 'void java.lang.invoke.DirectMethodHandle$Holder.invokeSpecial(java.lang.Object, java.lang.Object, java.lang.Object, java.lang.Object, java.lang.Object)'> (0x0000000089ca9960) 
thrown [s\open\src\hotspot\share\interpreter\linkResolver.cpp, line 759]
Event: 4.314 Thread 0x000001fe1a54b340 Exception <a 'java/lang/NoSuchMethodError'{0x0000000089bb5a18}: 'void java.lang.invoke.DirectMethodHandle$Holder.invokeSpecial(java.lang.Object, java.lang.Object, java.lang.Object, java.lang.Object, java.lang.Object, java.lang.Object, java.lang.Object)'> (0x0000000089bb5a18) 
thrown [s\open\src\hotspot\share\interpreter\linkResolver.cpp, line 759]
Event: 4.484 Thread 0x000001fdb716e170 Exception <a 'java/lang/NoSuchMethodError'{0x000000008994d748}: 'java.lang.Object java.lang.invoke.DirectMethodHandle$Holder.invokeSpecialIFC(java.lang.Object, java.lang.Object, java.lang.Object)'> (0x000000008994d748) 
thrown [s\open\src\hotspot\share\interpreter\linkResolver.cpp, line 759]
Event: 4.679 Thread 0x000001fdb716e170 Exception <a 'java/lang/NoSuchMethodError'{0x00000000897e8720}: 'java.lang.Object java.lang.invoke.DirectMethodHandle$Holder.invokeStatic(java.lang.Object, int, java.lang.Object)'> (0x00000000897e8720) 
thrown [s\open\src\hotspot\share\interpreter\linkResolver.cpp, line 759]
Event: 4.691 Thread 0x000001fdb716e170 Exception <a 'java/lang/ClassNotFoundException'{0x0000000089600bf0}: sun/util/logging/resources/spi/loggingProvider> (0x0000000089600bf0) 
thrown [s\open\src\hotspot\share\classfile\systemDictionary.cpp, line 256]

VM Operations (20 events):
Event: 0.715 Executing VM operation: HandshakeAllThreads
Event: 0.715 Executing VM operation: HandshakeAllThreads done
Event: 1.648 Executing VM operation: HandshakeAllThreads
Event: 1.648 Executing VM operation: HandshakeAllThreads done
Event: 1.648 Executing VM operation: Cleanup
Event: 1.648 Executing VM operation: Cleanup done
Event: 1.707 Executing VM operation: G1CollectForAllocation
Event: 1.716 Executing VM operation: G1CollectForAllocation done
Event: 1.808 Executing VM operation: HandshakeAllThreads
Event: 1.808 Executing VM operation: HandshakeAllThreads done
Event: 2.007 Executing VM operation: HandshakeAllThreads
Event: 2.007 Executing VM operation: HandshakeAllThreads done
Event: 2.254 Executing VM operation: HandshakeAllThreads
Event: 2.254 Executing VM operation: HandshakeAllThreads done
Event: 2.256 Executing VM operation: HandshakeAllThreads
Event: 2.256 Executing VM operation: HandshakeAllThreads done
Event: 2.435 Executing VM operation: G1CollectForAllocation
Event: 2.442 Executing VM operation: G1CollectForAllocation done
Event: 4.436 Executing VM operation: Cleanup
Event: 4.436 Executing VM operation: Cleanup done

Events (20 events):
Event: 4.690 loading class java/util/ResourceBundle$CacheKeyReference done
Event: 4.690 loading class java/util/ResourceBundle$KeyElementReference done
Event: 4.690 loading class java/util/ResourceBundle$3
Event: 4.691 loading class java/util/ResourceBundle$3 done
Event: 4.691 loading class sun/util/logging/resources/logging
Event: 4.692 loading class sun/util/logging/resources/logging done
Event: 4.692 loading class java/util/ResourceBundle$BundleReference
Event: 4.692 loading class java/util/ResourceBundle$BundleReference done
Event: 4.692 loading class sun/util/logging/resources/logging_en
Event: 4.692 loading class sun/util/logging/resources/logging_en done
Event: 4.692 loading class sun/util/logging/resources/logging_en
Event: 4.692 loading class sun/util/logging/resources/logging_en done
Event: 4.693 loading class sun/util/logging/resources/logging_en_GB
Event: 4.693 loading class sun/util/logging/resources/logging_en_GB done
Event: 4.693 loading class sun/util/logging/resources/logging_en_GB
Event: 4.693 loading class sun/util/logging/resources/logging_en_GB done
Event: 4.694 loading class java/util/Formatter$DateTime
Event: 4.694 loading class java/util/Formatter$DateTime done
Event: 4.694 loading class java/time/ZonedDateTime$1
Event: 4.694 loading class java/time/ZonedDateTime$1 done


Dynamic libraries:
0x00007ff74e4c0000 - 0x00007ff74e4d0000 	C:\Program Files\Java\jdk-17\bin\java.exe
0x00007fffe1b50000 - 0x00007fffe1d48000 	C:\Windows\SYSTEM32\ntdll.dll
0x00007fffe13e0000 - 0x00007fffe149d000 	C:\Windows\System32\KERNEL32.DLL
0x00007fffdf510000 - 0x00007fffdf806000 	C:\Windows\System32\KERNELBASE.dll
0x00007fffdfa80000 - 0x00007fffdfb80000 	C:\Windows\System32\ucrtbase.dll
0x00007fffda290000 - 0x00007fffda2ab000 	C:\Program Files\Java\jdk-17\bin\VCRUNTIME140.dll
0x00007fffd8870000 - 0x00007fffd8889000 	C:\Program Files\Java\jdk-17\bin\jli.dll
0x00007fffdfc60000 - 0x00007fffdfd0f000 	C:\Windows\System32\ADVAPI32.dll
0x00007fffe18f0000 - 0x00007fffe198e000 	C:\Windows\System32\msvcrt.dll
0x00007fffe0460000 - 0x00007fffe04fc000 	C:\Windows\System32\sechost.dll
0x00007fffe0fd0000 - 0x00007fffe10f6000 	C:\Windows\System32\RPCRT4.dll
0x00007fffe0b70000 - 0x00007fffe0d0e000 	C:\Windows\System32\USER32.dll
0x00007fffdf230000 - 0x00007fffdf252000 	C:\Windows\System32\win32u.dll
0x00007fffd0050000 - 0x00007fffd02ea000 	C:\Windows\WinSxS\amd64_microsoft.windows.common-controls_6595b64144ccf1df_6.0.19041.3636_none_60b6a03d71f818d5\COMCTL32.dll
0x00007fffe1120000 - 0x00007fffe114c000 	C:\Windows\System32\GDI32.dll
0x00007fffdf810000 - 0x00007fffdf92a000 	C:\Windows\System32\gdi32full.dll
0x00007fffdf260000 - 0x00007fffdf2fd000 	C:\Windows\System32\msvcp_win.dll
0x00007fffd1c10000 - 0x00007fffd1c1a000 	C:\Windows\SYSTEM32\VERSION.dll
0x00007fffe0b40000 - 0x00007fffe0b70000 	C:\Windows\System32\IMM32.DLL
0x00007fffdb0e0000 - 0x00007fffdb0ec000 	C:\Program Files\Java\jdk-17\bin\vcruntime140_1.dll
0x00007fffcb370000 - 0x00007fffcb3fe000 	C:\Program Files\Java\jdk-17\bin\msvcp140.dll
0x00007fff6c5b0000 - 0x00007fff6d18e000 	C:\Program Files\Java\jdk-17\bin\server\jvm.dll
0x00007fffe0b20000 - 0x00007fffe0b28000 	C:\Windows\System32\PSAPI.DLL
0x00007fffdb130000 - 0x00007fffdb139000 	C:\Windows\SYSTEM32\WSOCK32.dll
0x00007fffe0630000 - 0x00007fffe069b000 	C:\Windows\System32\WS2_32.dll
0x00007fffcd8c0000 - 0x00007fffcd8e7000 	C:\Windows\SYSTEM32\WINMM.dll
0x00007fffdd0f0000 - 0x00007fffdd102000 	C:\Windows\SYSTEM32\kernel.appcore.dll
0x00007fffdb0c0000 - 0x00007fffdb0ca000 	C:\Program Files\Java\jdk-17\bin\jimage.dll
0x00007fffcc5d0000 - 0x00007fffcc7b4000 	C:\Windows\SYSTEM32\DBGHELP.DLL
0x00007fffcc4a0000 - 0x00007fffcc4d4000 	C:\Windows\SYSTEM32\dbgcore.DLL
0x00007fffdf9f0000 - 0x00007fffdfa72000 	C:\Windows\System32\bcryptPrimitives.dll
0x00007fffdb110000 - 0x00007fffdb11e000 	C:\Program Files\Java\jdk-17\bin\instrument.dll
0x00007fffd87b0000 - 0x00007fffd87d5000 	C:\Program Files\Java\jdk-17\bin\java.dll
0x00007fffbb910000 - 0x00007fffbb9e7000 	C:\Program Files\Java\jdk-17\bin\jsvml.dll
0x00007fffdfd10000 - 0x00007fffe0454000 	C:\Windows\System32\SHELL32.dll
0x00007fffdd2f0000 - 0x00007fffdda8b000 	C:\Windows\SYSTEM32\windows.storage.dll
0x00007fffe14a0000 - 0x00007fffe17f4000 	C:\Windows\System32\combase.dll
0x00007fffdec70000 - 0x00007fffdec9d000 	C:\Windows\SYSTEM32\Wldp.dll
0x00007fffdfbb0000 - 0x00007fffdfc5d000 	C:\Windows\System32\SHCORE.dll
0x00007fffe0d70000 - 0x00007fffe0dc5000 	C:\Windows\System32\shlwapi.dll
0x00007fffdf160000 - 0x00007fffdf185000 	C:\Windows\SYSTEM32\profapi.dll
0x00007fffd8850000 - 0x00007fffd8868000 	C:\Program Files\Java\jdk-17\bin\zip.dll
0x00007fffd8790000 - 0x00007fffd87a9000 	C:\Program Files\Java\jdk-17\bin\net.dll
0x00007fffd57c0000 - 0x00007fffd58ca000 	C:\Windows\SYSTEM32\WINHTTP.dll
0x00007fffde9d0000 - 0x00007fffdea3a000 	C:\Windows\system32\mswsock.dll
0x00007fffd8750000 - 0x00007fffd8766000 	C:\Program Files\Java\jdk-17\bin\nio.dll
0x00007fffda0a0000 - 0x00007fffda0ba000 	C:\Program Files\JetBrains\IntelliJ IDEA Community Edition 2023.2.2\bin\breakgen64.dll
0x00007fffd9e10000 - 0x00007fffd9e20000 	C:\Program Files\Java\jdk-17\bin\verify.dll
0x00007fffde6c0000 - 0x00007fffde78a000 	C:\Windows\SYSTEM32\DNSAPI.dll
0x00007fffde670000 - 0x00007fffde6ab000 	C:\Windows\SYSTEM32\IPHLPAPI.DLL
0x00007fffe06a0000 - 0x00007fffe06a8000 	C:\Windows\System32\NSI.dll
0x00007fffd4270000 - 0x00007fffd427a000 	C:\Windows\System32\rasadhlp.dll
0x00007fffd4300000 - 0x00007fffd4380000 	C:\Windows\System32\fwpuclnt.dll
0x00007fffdfb80000 - 0x00007fffdfba7000 	C:\Windows\System32\bcrypt.dll
0x00007fffdebc0000 - 0x00007fffdebd8000 	C:\Windows\SYSTEM32\CRYPTSP.dll
0x00007fffde290000 - 0x00007fffde2c4000 	C:\Windows\system32\rsaenh.dll
0x00007fffdf120000 - 0x00007fffdf14e000 	C:\Windows\SYSTEM32\USERENV.dll
0x00007fffdebe0000 - 0x00007fffdebec000 	C:\Windows\SYSTEM32\CRYPTBASE.dll
0x00007fffd5de0000 - 0x00007fffd5df7000 	C:\Windows\SYSTEM32\dhcpcsvc6.DLL
0x00007fffd6c80000 - 0x00007fffd6c9d000 	C:\Windows\SYSTEM32\dhcpcsvc.DLL
0x00007fffd5e20000 - 0x00007fffd5e2e000 	C:\Program Files\Java\jdk-17\bin\sunmscapi.dll
0x00007fffdf3b0000 - 0x00007fffdf50d000 	C:\Windows\System32\CRYPT32.dll
0x00007fffdece0000 - 0x00007fffded07000 	C:\Windows\SYSTEM32\ncrypt.dll
0x00007fffdeca0000 - 0x00007fffdecdb000 	C:\Windows\SYSTEM32\NTASN1.dll
0x00007fffda850000 - 0x00007fffda857000 	C:\Windows\system32\wshunix.dll

dbghelp: loaded successfully - version: 4.0.5 - missing functions: none
symbol engine: initialized successfully - sym options: 0x614 - pdb path: .;C:\Program Files\Java\jdk-17\bin;C:\Windows\SYSTEM32;C:\Windows\WinSxS\amd64_microsoft.windows.common-controls_6595b64144ccf1df_6.0.19041.3636_none_60b6a03d71f818d5;C:\Program Files\Java\jdk-17\bin\server;C:\Program Files\JetBrains\IntelliJ IDEA Community Edition 2023.2.2\bin

VM Arguments:
jvm_args: -ea -Didea.test.cyclic.buffer.size=1048576 -javaagent:C:\Program Files\JetBrains\IntelliJ IDEA Community Edition 2023.2.2\lib\idea_rt.jar=53260:C:\Program Files\JetBrains\IntelliJ IDEA Community Edition 2023.2.2\bin -Dfile.encoding=UTF-8 
java_command: com.intellij.rt.junit.JUnitStarter -ideVersion5 -junit4 Electronics.ElectronicsTest,verifyUserShouldNavigateToCellPhonesPageSuccessfully
java_class_path (initial): C:\Program Files\JetBrains\IntelliJ IDEA Community Edition 2023.2.2\lib\idea_rt.jar;C:\Program Files\JetBrains\IntelliJ IDEA Community Edition 2023.2.2\plugins\junit\lib\junit5-rt.jar;C:\Program Files\JetBrains\IntelliJ IDEA Community Edition 2023.2.2\plugins\junit\lib\junit-rt.jar;C:\Users\Vishal\IdeaProjects\com-nopcommerce-sw-3\out\production\com-nopcommerce-sw-3;C:\Users\Vishal\IdeaProjects\com-nopcommerce-sw-3\jars\hamcrest-core-1.3.jar;C:\Users\Vishal\IdeaProjects\com-nopcommerce-sw-3\jars\junit-4.13.2.jar;C:\Users\Vishal\IdeaProjects\com-nopcommerce-sw-3\jars\selenium-server-4.15.0.jar
Launcher Type: SUN_STANDARD

[Global flags]
     intx CICompilerCount                          = 3                                         {product} {ergonomic}
     uint ConcGCThreads                            = 1                                         {product} {ergonomic}
     uint G1ConcRefinementThreads                  = 4                                         {product} {ergonomic}
   size_t G1HeapRegionSize                         = 1048576                                   {product} {ergonomic}
    uintx GCDrainStackTargetSize                   = 64                                        {product} {ergonomic}
   size_t InitialHeapSize                          = 134217728                                 {product} {ergonomic}
   size_t MarkStackSize                            = 4194304                                   {product} {ergonomic}
   size_t MaxHeapSize                              = 2116026368                                {product} {ergonomic}
   size_t MaxNewSize                               = 1268776960                                {product} {ergonomic}
   size_t MinHeapDeltaBytes                        = 1048576                                   {product} {ergonomic}
   size_t MinHeapSize                              = 8388608                                   {product} {ergonomic}
    uintx NonNMethodCodeHeapSize                   = 5832780                                {pd product} {ergonomic}
    uintx NonProfiledCodeHeapSize                  = 122912730                              {pd product} {ergonomic}
    uintx ProfiledCodeHeapSize                     = 122912730                              {pd product} {ergonomic}
    uintx ReservedCodeCacheSize                    = 251658240                              {pd product} {ergonomic}
     bool SegmentedCodeCache                       = true                                      {product} {ergonomic}
   size_t SoftMaxHeapSize                          = 2116026368                             {manageable} {ergonomic}
     bool UseCompressedClassPointers               = true                           {product lp64_product} {ergonomic}
     bool UseCompressedOops                        = true                           {product lp64_product} {ergonomic}
     bool UseG1GC                                  = true                                      {product} {ergonomic}
     bool UseLargePagesIndividualAllocation        = false                                  {pd product} {ergonomic}

Logging:
Log output configuration:
 #0: stdout all=warning uptime,level,tags
 #1: stderr all=off uptime,level,tags

Environment Variables:
JAVA_HOME=C:\Program Files\Java\jdk-17
PATH=C:\Program Files\Common Files\Oracle\Java\javapath;C:\Program Files (x86)\Intel\iCLS Client\;C:\Program Files\Intel\iCLS Client\;C:\Windows\system32;C:\Windows;C:\Windows\System32\Wbem;C:\Windows\System32\WindowsPowerShell\v1.0\;C:\Windows\System32\OpenSSH\;C:\Program Files\Intel\Intel(R) Management Engine Components\DAL;C:\Program Files (x86)\Intel\Intel(R) Management Engine Components\DAL;C:\Program Files\Intel\Intel(R) Management Engine Components\IPT;C:\Program Files (x86)\Intel\Intel(R) Management Engine Components\IPT;C:\Program Files\Java\jdk-19\bin;C:\Program Files\Java\jdk-17\bin;C:\Program Files\Git\cmd;C:\Users\Vishal\AppData\Local\Microsoft\WindowsApps;
USERNAME=Vishal
OS=Windows_NT
PROCESSOR_IDENTIFIER=Intel64 Family 6 Model 58 Stepping 9, GenuineIntel



---------------  S Y S T E M  ---------------

OS:
 Windows 10 , 64 bit Build 19041 (10.0.19041.3636)
OS uptime: 3 days 18:41 hours

CPU: total 4 (initial active 4) (2 cores per cpu, 2 threads per core) family 6 model 58 stepping 9 microcode 0x21, cx8, cmov, fxsr, ht, mmx, sse, sse2, sse3, ssse3, sse4.1, sse4.2, popcnt, tsc, tscinvbit, avx, aes, erms, clmul, vzeroupper, clflush

Memory: 4k page, system-wide physical 8066M (625M free)
TotalPageFile size 21187M (AvailPageFile size 5M)
current process WorkingSet (physical memory assigned to process): 98M, peak: 101M
current process commit charge ("private bytes"): 239M, peak: 243M

vm_info: Java HotSpot(TM) 64-Bit Server VM (17.0.8+9-LTS-211) for windows-amd64 JRE (17.0.8+9-LTS-211), built on Jun 14 2023 10:34:31 by "mach5one" with MS VC++ 17.1 (VS2022)

END.
